[2025-03-30T14:10:02.043+0000] {taskinstance.py:1159} INFO - Dependencies all met for dep_context=non-requeueable deps ti=<TaskInstance: kafka_spark_dag.pyspark_consumer scheduled__2025-03-30T14:00:00+00:00 [queued]>
[2025-03-30T14:10:02.053+0000] {taskinstance.py:1159} INFO - Dependencies all met for dep_context=requeueable deps ti=<TaskInstance: kafka_spark_dag.pyspark_consumer scheduled__2025-03-30T14:00:00+00:00 [queued]>
[2025-03-30T14:10:02.053+0000] {taskinstance.py:1361} INFO - Starting attempt 1 of 2
[2025-03-30T14:10:02.066+0000] {taskinstance.py:1382} INFO - Executing <Task(BashOperator): pyspark_consumer> on 2025-03-30 14:00:00+00:00
[2025-03-30T14:10:02.074+0000] {standard_task_runner.py:57} INFO - Started process 18316 to run task
[2025-03-30T14:10:02.077+0000] {standard_task_runner.py:84} INFO - Running: ['***', 'tasks', 'run', 'kafka_spark_dag', 'pyspark_consumer', 'scheduled__2025-03-30T14:00:00+00:00', '--job-id', '136', '--raw', '--subdir', 'DAGS_FOLDER/dag_kafka_spark.py', '--cfg-path', '/tmp/tmpflf9tksh']
[2025-03-30T14:10:02.080+0000] {standard_task_runner.py:85} INFO - Job 136: Subtask pyspark_consumer
[2025-03-30T14:10:02.131+0000] {task_command.py:416} INFO - Running <TaskInstance: kafka_spark_dag.pyspark_consumer scheduled__2025-03-30T14:00:00+00:00 [running]> on host a6934a850e84
[2025-03-30T14:10:02.228+0000] {taskinstance.py:1662} INFO - Exporting env vars: AIRFLOW_CTX_DAG_OWNER='***' AIRFLOW_CTX_DAG_ID='kafka_spark_dag' AIRFLOW_CTX_TASK_ID='pyspark_consumer' AIRFLOW_CTX_EXECUTION_DATE='2025-03-30T14:00:00+00:00' AIRFLOW_CTX_TRY_NUMBER='1' AIRFLOW_CTX_DAG_RUN_ID='scheduled__2025-03-30T14:00:00+00:00'
[2025-03-30T14:10:02.230+0000] {subprocess.py:63} INFO - Tmp dir root location: /tmp
[2025-03-30T14:10:02.231+0000] {subprocess.py:75} INFO - Running command: ['/bin/bash', '-c', 'docker exec spark-server ./spark/bin/spark-submit ./kafkaToDelta.py']
[2025-03-30T14:10:02.247+0000] {subprocess.py:86} INFO - Output:
[2025-03-30T14:10:02.265+0000] {subprocess.py:93} INFO - Error response from daemon: No such container: spark-server
[2025-03-30T14:10:02.267+0000] {subprocess.py:97} INFO - Command exited with return code 1
[2025-03-30T14:10:02.280+0000] {taskinstance.py:1937} ERROR - Task failed with exception
Traceback (most recent call last):
  File "/home/airflow/.local/lib/python3.8/site-packages/airflow/operators/bash.py", line 210, in execute
    raise AirflowException(
airflow.exceptions.AirflowException: Bash command failed. The command returned a non-zero exit code 1.
[2025-03-30T14:10:02.285+0000] {taskinstance.py:1400} INFO - Marking task as UP_FOR_RETRY. dag_id=kafka_spark_dag, task_id=pyspark_consumer, execution_date=20250330T140000, start_date=20250330T141002, end_date=20250330T141002
[2025-03-30T14:10:02.298+0000] {standard_task_runner.py:104} ERROR - Failed to execute job 136 for task pyspark_consumer (Bash command failed. The command returned a non-zero exit code 1.; 18316)
[2025-03-30T14:10:02.338+0000] {local_task_job_runner.py:228} INFO - Task exited with return code 1
[2025-03-30T14:10:02.357+0000] {taskinstance.py:2778} INFO - 0 downstream tasks scheduled from follow-on schedule check
