[2025-03-29T17:30:08.323+0000] {taskinstance.py:1159} INFO - Dependencies all met for dep_context=non-requeueable deps ti=<TaskInstance: kafka_spark_dag.kafka_data_stream scheduled__2025-03-29T17:20:00+00:00 [queued]>
[2025-03-29T17:30:08.331+0000] {taskinstance.py:1159} INFO - Dependencies all met for dep_context=requeueable deps ti=<TaskInstance: kafka_spark_dag.kafka_data_stream scheduled__2025-03-29T17:20:00+00:00 [queued]>
[2025-03-29T17:30:08.332+0000] {taskinstance.py:1361} INFO - Starting attempt 2 of 2
[2025-03-29T17:30:08.349+0000] {taskinstance.py:1382} INFO - Executing <Task(PythonOperator): kafka_data_stream> on 2025-03-29 17:20:00+00:00
[2025-03-29T17:30:08.358+0000] {standard_task_runner.py:57} INFO - Started process 12545 to run task
[2025-03-29T17:30:08.363+0000] {standard_task_runner.py:84} INFO - Running: ['***', 'tasks', 'run', 'kafka_spark_dag', 'kafka_data_stream', 'scheduled__2025-03-29T17:20:00+00:00', '--job-id', '34', '--raw', '--subdir', 'DAGS_FOLDER/dag_kafka_spark.py', '--cfg-path', '/tmp/tmp2ud8_2cp']
[2025-03-29T17:30:08.369+0000] {standard_task_runner.py:85} INFO - Job 34: Subtask kafka_data_stream
[2025-03-29T17:30:08.442+0000] {task_command.py:416} INFO - Running <TaskInstance: kafka_spark_dag.kafka_data_stream scheduled__2025-03-29T17:20:00+00:00 [running]> on host dde87091e389
[2025-03-29T17:30:08.553+0000] {taskinstance.py:1662} INFO - Exporting env vars: AIRFLOW_CTX_DAG_OWNER='***' AIRFLOW_CTX_DAG_ID='kafka_spark_dag' AIRFLOW_CTX_TASK_ID='kafka_data_stream' AIRFLOW_CTX_EXECUTION_DATE='2025-03-29T17:20:00+00:00' AIRFLOW_CTX_TRY_NUMBER='2' AIRFLOW_CTX_DAG_RUN_ID='scheduled__2025-03-29T17:20:00+00:00'
[2025-03-29T17:30:08.555+0000] {kafka_producer_util.py:30} INFO - Attempting to use KafkaProducer class: <class 'kafka.producer.kafka.KafkaProducer'>
[2025-03-29T17:30:08.555+0000] {kafka_producer_util.py:31} INFO - Imported from module: kafka.producer.kafka
[2025-03-29T17:30:08.555+0000] {kafka_producer_util.py:34} INFO - Top-level kafka module path: /home/***/.local/lib/python3.8/site-packages/kafka/__init__.py
[2025-03-29T17:30:08.558+0000] {conn.py:380} INFO - <BrokerConnection node_id=bootstrap-0 host=localhost:9092 <connecting> [IPv6 ('::1', 9092, 0, 0)]>: connecting to localhost:9092 [('::1', 9092, 0, 0) IPv6]
[2025-03-29T17:30:08.558+0000] {conn.py:1205} INFO - Probing node bootstrap-0 broker version
[2025-03-29T17:30:08.558+0000] {conn.py:418} ERROR - Connect attempt to <BrokerConnection node_id=bootstrap-0 host=localhost:9092 <connecting> [IPv6 ('::1', 9092, 0, 0)]> returned error 111. Disconnecting.
[2025-03-29T17:30:08.559+0000] {conn.py:919} INFO - <BrokerConnection node_id=bootstrap-0 host=localhost:9092 <connecting> [IPv6 ('::1', 9092, 0, 0)]>: Closing connection. KafkaConnectionError: 111 ECONNREFUSED
[2025-03-29T17:30:08.607+0000] {conn.py:380} INFO - <BrokerConnection node_id=bootstrap-0 host=localhost:9092 <connecting> [IPv6 ('::1', 9092, 0, 0)]>: connecting to localhost:9092 [('::1', 9092, 0, 0) IPv6]
[2025-03-29T17:30:08.608+0000] {conn.py:418} ERROR - Connect attempt to <BrokerConnection node_id=bootstrap-0 host=localhost:9092 <connecting> [IPv6 ('::1', 9092, 0, 0)]> returned error 111. Disconnecting.
[2025-03-29T17:30:08.608+0000] {conn.py:919} INFO - <BrokerConnection node_id=bootstrap-0 host=localhost:9092 <connecting> [IPv6 ('::1', 9092, 0, 0)]>: Closing connection. KafkaConnectionError: 111 ECONNREFUSED
[2025-03-29T17:30:08.657+0000] {conn.py:380} INFO - <BrokerConnection node_id=bootstrap-0 host=localhost:9092 <connecting> [IPv4 ('127.0.0.1', 9092)]>: connecting to localhost:9092 [('127.0.0.1', 9092) IPv4]
[2025-03-29T17:30:08.658+0000] {conn.py:418} ERROR - Connect attempt to <BrokerConnection node_id=bootstrap-0 host=localhost:9092 <connecting> [IPv4 ('127.0.0.1', 9092)]> returned error 111. Disconnecting.
[2025-03-29T17:30:08.658+0000] {conn.py:919} INFO - <BrokerConnection node_id=bootstrap-0 host=localhost:9092 <connecting> [IPv4 ('127.0.0.1', 9092)]>: Closing connection. KafkaConnectionError: 111 ECONNREFUSED
[2025-03-29T17:30:08.658+0000] {kafka_producer_util.py:53} ERROR - Kafka Producer initialization failed: NoBrokersAvailable
[2025-03-29T17:30:08.659+0000] {taskinstance.py:1937} ERROR - Task failed with exception
Traceback (most recent call last):
  File "/home/airflow/.local/lib/python3.8/site-packages/airflow/operators/python.py", line 192, in execute
    return_value = self.execute_callable()
  File "/home/airflow/.local/lib/python3.8/site-packages/airflow/operators/python.py", line 209, in execute_callable
    return self.python_callable(*self.op_args, **self.op_kwargs)
  File "/opt/airflow/dags/src/api_data_collector.py", line 75, in stream
    kafka_publisher = create_kafka_publisher('development')
  File "/opt/airflow/dags/src/kafka_producer_util.py", line 139, in create_kafka_publisher
    return KafkaPublisher(**config)
  File "/opt/airflow/dags/src/kafka_producer_util.py", line 39, in __init__
    self.producer = KafkaProducer(
  File "/home/airflow/.local/lib/python3.8/site-packages/kafka/producer/kafka.py", line 381, in __init__
    client = KafkaClient(metrics=self._metrics, metric_group_prefix='producer',
  File "/home/airflow/.local/lib/python3.8/site-packages/kafka/client_async.py", line 244, in __init__
    self.config['api_version'] = self.check_version(timeout=check_timeout)
  File "/home/airflow/.local/lib/python3.8/site-packages/kafka/client_async.py", line 900, in check_version
    raise Errors.NoBrokersAvailable()
kafka.errors.NoBrokersAvailable: NoBrokersAvailable
[2025-03-29T17:30:08.671+0000] {taskinstance.py:1400} INFO - Marking task as FAILED. dag_id=kafka_spark_dag, task_id=kafka_data_stream, execution_date=20250329T172000, start_date=20250329T173008, end_date=20250329T173008
[2025-03-29T17:30:08.681+0000] {standard_task_runner.py:104} ERROR - Failed to execute job 34 for task kafka_data_stream (NoBrokersAvailable; 12545)
[2025-03-29T17:30:08.702+0000] {local_task_job_runner.py:228} INFO - Task exited with return code 1
[2025-03-29T17:30:08.729+0000] {taskinstance.py:2778} INFO - 0 downstream tasks scheduled from follow-on schedule check
